[    0.000000] Linux version 4.15.0-189-generic (buildd@lcy02-amd64-039) (gcc version 7.5.0 (Ubuntu 7.5.0-3ubuntu1~18.04)) #200-Ubuntu SMP Wed Jun 22 19:53:37 UTC 2022 (Ubuntu 4.15.0-189.200-generic 4.15.18)
[    0.000000] Command line: BOOT_IMAGE=/boot/vmlinuz-4.15.0-189-generic root=LABEL=cloudimg-rootfs ro console=tty1 console=ttyS0
[    0.000000] KERNEL supported cpus:
[    0.000000]   Intel GenuineIntel
[    0.000000]   AMD AuthenticAMD
[    0.000000]   Centaur CentaurHauls
[    0.000000] x86/fpu: x87 FPU will use FXSAVE
[    0.000000] e820: BIOS-provided physical RAM map:
[    0.000000] BIOS-e820: [mem 0x0000000000000000-0x000000000009fbff] usable
[    0.000000] BIOS-e820: [mem 0x000000000009fc00-0x000000000009ffff] reserved
[    0.000000] BIOS-e820: [mem 0x00000000000f0000-0x00000000000fffff] reserved
[    0.000000] BIOS-e820: [mem 0x0000000000100000-0x000000003ffeffff] usable
[    0.000000] BIOS-e820: [mem 0x000000003fff0000-0x000000003fffffff] ACPI data
[    0.000000] BIOS-e820: [mem 0x00000000fec00000-0x00000000fec00fff] reserved
[    0.000000] BIOS-e820: [mem 0x00000000fee00000-0x00000000fee00fff] reserved
[    0.000000] BIOS-e820: [mem 0x00000000fffc0000-0x00000000ffffffff] reserved
[    0.000000] NX (Execute Disable) protection: active
[    0.000000] SMBIOS 2.5 present.
[    0.000000] DMI: innotek GmbH VirtualBox/VirtualBox, BIOS VirtualBox 12/01/2006
[    0.000000] Hypervisor detected: KVM
[    0.000000] e820: last_pfn = 0x3fff0 max_arch_pfn = 0x400000000
[    0.000000] MTRR: Disabled
[    0.000000] x86/PAT: MTRRs disabled, skipping PAT initialization too.
[    0.000000] CPU MTRRs all blank - virtualized system.
[    0.000000] x86/PAT: Configuration [0-7]: WB  WT  UC- UC  WB  WT  UC- UC  
[    0.000000] found SMP MP-table at [mem 0x0009fff0-0x0009ffff]
[    0.000000] Scanning 1 areas for low memory corruption
[    0.000000] RAMDISK: [mem 0x359c5000-0x36cd9fff]
[    0.000000] ACPI: Early table checksum verification disabled
[    0.000000] ACPI: RSDP 0x00000000000E0000 000024 (v02 VBOX  )
[    0.000000] ACPI: XSDT 0x000000003FFF0030 00003C (v01 VBOX   VBOXXSDT 00000001 ASL  00000061)
[    0.000000] ACPI: FACP 0x000000003FFF00F0 0000F4 (v04 VBOX   VBOXFACP 00000001 ASL  00000061)
[    0.000000] ACPI: DSDT 0x000000003FFF0470 002325 (v02 VBOX   VBOXBIOS 00000002 INTL 20100528)
[    0.000000] ACPI: FACS 0x000000003FFF0200 000040
[    0.000000] ACPI: FACS 0x000000003FFF0200 000040
[    0.000000] ACPI: APIC 0x000000003FFF0240 00005C (v02 VBOX   VBOXAPIC 00000001 ASL  00000061)
[    0.000000] ACPI: SSDT 0x000000003FFF02A0 0001CC (v01 VBOX   VBOXCPUT 00000002 INTL 20100528)
[    0.000000] ACPI: Reserving FACP table memory at [mem 0x3fff00f0-0x3fff01e3]
[    0.000000] ACPI: Reserving DSDT table memory at [mem 0x3fff0470-0x3fff2794]
[    0.000000] ACPI: Reserving FACS table memory at [mem 0x3fff0200-0x3fff023f]
[    0.000000] ACPI: Reserving FACS table memory at [mem 0x3fff0200-0x3fff023f]
[    0.000000] ACPI: Reserving APIC table memory at [mem 0x3fff0240-0x3fff029b]
[    0.000000] ACPI: Reserving SSDT table memory at [mem 0x3fff02a0-0x3fff046b]
[    0.000000] No NUMA configuration found
[    0.000000] Faking a node at [mem 0x0000000000000000-0x000000003ffeffff]
[    0.000000] NODE_DATA(0) allocated [mem 0x3ffc5000-0x3ffeffff]
[    0.000000] kvm-clock: cpu 0, msr 0:3ff44001, primary cpu clock
[    0.000000] kvm-clock: Using msrs 4b564d01 and 4b564d00
[    0.000000] kvm-clock: using sched offset of 6115842332 cycles
[    0.000000] clocksource: kvm-clock: mask: 0xffffffffffffffff max_cycles: 0x1cd42e4dffb, max_idle_ns: 881590591483 ns
[    0.000000] Zone ranges:
[    0.000000]   DMA      [mem 0x0000000000001000-0x0000000000ffffff]
[    0.000000]   DMA32    [mem 0x0000000001000000-0x000000003ffeffff]
[    0.000000]   Normal   empty
[    0.000000]   Device   empty
[    0.000000] Movable zone start for each node
[    0.000000] Early memory node ranges
[    0.000000]   node   0: [mem 0x0000000000001000-0x000000000009efff]
[    0.000000]   node   0: [mem 0x0000000000100000-0x000000003ffeffff]
[    0.000000] Reserved but unavailable: 104 pages
[    0.000000] Initmem setup node 0 [mem 0x0000000000001000-0x000000003ffeffff]
[    0.000000] ACPI: PM-Timer IO Port: 0x4008
[    0.000000] IOAPIC[0]: apic_id 2, version 32, address 0xfec00000, GSI 0-23
[    0.000000] ACPI: INT_SRC_OVR (bus 0 bus_irq 0 global_irq 2 dfl dfl)
[    0.000000] ACPI: INT_SRC_OVR (bus 0 bus_irq 9 global_irq 9 low level)
[    0.000000] Using ACPI (MADT) for SMP configuration information
[    0.000000] smpboot: Allowing 2 CPUs, 0 hotplug CPUs
[    0.000000] PM: Registered nosave memory: [mem 0x00000000-0x00000fff]
[    0.000000] PM: Registered nosave memory: [mem 0x0009f000-0x0009ffff]
[    0.000000] PM: Registered nosave memory: [mem 0x000a0000-0x000effff]
[    0.000000] PM: Registered nosave memory: [mem 0x000f0000-0x000fffff]
[    0.000000] e820: [mem 0x40000000-0xfebfffff] available for PCI devices
[    0.000000] Booting paravirtualized kernel on KVM
[    0.000000] clocksource: refined-jiffies: mask: 0xffffffff max_cycles: 0xffffffff, max_idle_ns: 7645519600211568 ns
[    0.000000] random: get_random_bytes called from start_kernel+0x99/0x500 with crng_init=0
[    0.000000] setup_percpu: NR_CPUS:8192 nr_cpumask_bits:2 nr_cpu_ids:2 nr_node_ids:1
[    0.000000] percpu: Embedded 50 pages/cpu s167936 r8192 d28672 u1048576
[    0.000000] PV qspinlock hash table entries: 256 (order: 0, 4096 bytes)
[    0.000000] Built 1 zonelists, mobility grouping on.  Total pages: 257913
[    0.000000] Policy zone: DMA32
[    0.000000] Kernel command line: BOOT_IMAGE=/boot/vmlinuz-4.15.0-189-generic root=LABEL=cloudimg-rootfs ro console=tty1 console=ttyS0
[    0.000000] Memory: 982636K/1048120K available (12300K kernel code, 2484K rwdata, 4324K rodata, 2468K init, 2724K bss, 65484K reserved, 0K cma-reserved)
[    0.000000] SLUB: HWalign=64, Order=0-3, MinObjects=0, CPUs=2, Nodes=1
[    0.000000] Kernel/User page tables isolation: enabled
[    0.000000] ftrace: allocating 39515 entries in 155 pages
[    0.004000] Hierarchical RCU implementation.
[    0.004000] 	RCU restricting CPUs from NR_CPUS=8192 to nr_cpu_ids=2.
[    0.004000] 	Tasks RCU enabled.
[    0.004000] RCU: Adjusting geometry for rcu_fanout_leaf=16, nr_cpu_ids=2
[    0.004000] NR_IRQS: 524544, nr_irqs: 440, preallocated irqs: 16
[    0.004000] Console: colour VGA+ 80x25
[    0.004000] console [tty1] enabled
[    0.004000] console [ttyS0] enabled
[    0.004000] ACPI: Core revision 20170831
[    0.004000] ACPI: 2 ACPI AML tables successfully acquired and loaded
[    0.004000] APIC: Switch to symmetric I/O mode setup
[    0.004000] ..TIMER: vector=0x30 apic1=0 pin1=2 apic2=-1 pin2=-1
[    0.004006] tsc: Detected 2494.224 MHz processor
[    0.012015] Calibrating delay loop (skipped) preset value.. 4988.44 BogoMIPS (lpj=9976896)
[    0.016007] pid_max: default: 32768 minimum: 301
[    0.020113] Security Framework initialized
[    0.024006] Yama: becoming mindful.
[    0.028172] AppArmor: AppArmor initialized
[    0.044609] Dentry cache hash table entries: 131072 (order: 8, 1048576 bytes)
[    0.053202] Inode-cache hash table entries: 65536 (order: 7, 524288 bytes)
[    0.056156] Mount-cache hash table entries: 2048 (order: 2, 16384 bytes)
[    0.060124] Mountpoint-cache hash table entries: 2048 (order: 2, 16384 bytes)
[    0.067083] Last level iTLB entries: 4KB 1024, 2MB 1024, 4MB 1024
[    0.068010] Last level dTLB entries: 4KB 1024, 2MB 1024, 4MB 1024, 1GB 4
[    0.072015] Spectre V1 : Mitigation: usercopy/swapgs barriers and __user pointer sanitization
[    0.076009] Spectre V2 : Mitigation: Retpolines
[    0.084006] Spectre V2 : Spectre v2 / SpectreRSB mitigation: Filling RSB on context switch
[    0.088007] Speculative Store Bypass: Vulnerable
[    0.092065] MDS: Mitigation: Clear CPU buffers
[    0.100309] Freeing SMP alternatives memory: 36K
[    0.218787] smpboot: CPU0: Intel(R) Core(TM) i5-4300U CPU @ 1.90GHz (family: 0x6, model: 0x45, stepping: 0x1)
[    0.220815] Performance Events: unsupported p6 CPU model 69 no PMU driver, software events only.
[    0.224171] Hierarchical SRCU implementation.
[    0.229156] NMI watchdog: Perf event create on CPU 0 failed with -2
[    0.232179] NMI watchdog: Perf NMI watchdog permanently disabled
[    0.236577] smp: Bringing up secondary CPUs ...
[    0.244553] x86: Booting SMP configuration:
[    0.248006] .... node  #0, CPUs:      #1
[    0.004000] kvm-clock: cpu 1, msr 0:3ff44041, secondary cpu clock
[    0.272000] TSC synchronization [CPU#0 -> CPU#1]:
[    0.272000] Measured 112703 cycles TSC warp between CPUs, turning off TSC clock.
[    0.272000] tsc: Marking TSC unstable due to check_tsc_sync_source failed
[    0.276654] smp: Brought up 1 node, 2 CPUs
[    0.280008] smpboot: Max logical packages: 1
[    0.284006] smpboot: Total of 2 processors activated (9976.89 BogoMIPS)
[    0.293076] devtmpfs: initialized
[    0.296158] x86/mm: Memory block size: 128MB
[    0.300622] evm: security.selinux
[    0.304009] evm: security.SMACK64
[    0.308008] evm: security.SMACK64EXEC
[    0.312008] evm: security.SMACK64TRANSMUTE
[    0.316006] evm: security.SMACK64MMAP
[    0.320004] evm: security.apparmor
[    0.324004] evm: security.ima
[    0.328004] evm: security.capability
[    0.336906] clocksource: jiffies: mask: 0xffffffff max_cycles: 0xffffffff, max_idle_ns: 7645041785100000 ns
[    0.340016] futex hash table entries: 512 (order: 3, 32768 bytes)
[    0.344314] pinctrl core: initialized pinctrl subsystem
[    0.349052] RTC time: 17:49:21, date: 07/22/22
[    0.358370] NET: Registered protocol family 16
[    0.360191] audit: initializing netlink subsys (disabled)
[    0.364367] audit: type=2000 audit(1658512167.076:1): state=initialized audit_enabled=0 res=1
[    0.396024] cpuidle: using governor ladder
[    0.404040] cpuidle: using governor menu
[    0.408151] ACPI: bus type PCI registered
[    0.412007] acpiphp: ACPI Hot Plug PCI Controller Driver version: 0.5
[    0.421290] PCI: Using configuration type 1 for base access
[    0.444038] HugeTLB registered 2.00 MiB page size, pre-allocated 0 pages
[    0.464613] ACPI: Added _OSI(Module Device)
[    0.468010] ACPI: Added _OSI(Processor Device)
[    0.472013] ACPI: Added _OSI(3.0 _SCP Extensions)
[    0.476011] ACPI: Added _OSI(Processor Aggregator Device)
[    0.480014] ACPI: Added _OSI(Linux-Dell-Video)
[    0.484014] ACPI: Added _OSI(Linux-Lenovo-NV-HDMI-Audio)
[    0.488015] ACPI: Added _OSI(Linux-HPI-Hybrid-Graphics)
[    0.494107] ACPI: Executed 1 blocks of module-level executable AML code
[    0.507293] ACPI: Interpreter enabled
[    0.508047] ACPI: (supports S0 S5)
[    0.512008] ACPI: Using IOAPIC for interrupt routing
[    0.516734] PCI: Using host bridge windows from ACPI; if necessary, use "pci=nocrs" and report a bug
[    0.520464] ACPI: Enabled 2 GPEs in block 00 to 07
[    0.543454] ACPI: PCI Root Bridge [PCI0] (domain 0000 [bus 00-ff])
[    0.548023] acpi PNP0A03:00: _OSC: OS supports [ASPM ClockPM Segments MSI]
[    0.553254] acpi PNP0A03:00: _OSC: not requesting OS control; OS requires [ExtendedConfig ASPM ClockPM MSI]
[    0.556048] acpi PNP0A03:00: fail to add MMCONFIG information, can't access extended PCI configuration space under this bridge.
[    0.565574] PCI host bridge to bus 0000:00
[    0.568015] pci_bus 0000:00: root bus resource [io  0x0000-0x0cf7 window]
[    0.572013] pci_bus 0000:00: root bus resource [io  0x0d00-0xffff window]
[    0.576007] pci_bus 0000:00: root bus resource [mem 0x000a0000-0x000bffff window]
[    0.580010] pci_bus 0000:00: root bus resource [mem 0x40000000-0xfdffffff window]
[    0.584011] pci_bus 0000:00: root bus resource [bus 00-ff]
[    0.601524] pci 0000:00:01.1: legacy IDE quirk: reg 0x10: [io  0x01f0-0x01f7]
[    0.604005] pci 0000:00:01.1: legacy IDE quirk: reg 0x14: [io  0x03f6]
[    0.608007] pci 0000:00:01.1: legacy IDE quirk: reg 0x18: [io  0x0170-0x0177]
[    0.612009] pci 0000:00:01.1: legacy IDE quirk: reg 0x1c: [io  0x0376]
[    0.667407] pci 0000:00:07.0: quirk: [io  0x4000-0x403f] claimed by PIIX4 ACPI
[    0.668112] pci 0000:00:07.0: quirk: [io  0x4100-0x410f] claimed by PIIX4 SMB
[    0.686029] ACPI: PCI Interrupt Link [LNKA] (IRQs 5 9 10 *11)
[    0.688900] ACPI: PCI Interrupt Link [LNKB] (IRQs 5 9 *10 11)
[    0.692403] ACPI: PCI Interrupt Link [LNKC] (IRQs 5 *9 10 11)
[    0.696352] ACPI: PCI Interrupt Link [LNKD] (IRQs 5 9 10 *11)
[    0.705439] SCSI subsystem initialized
[    0.712086] pci 0000:00:02.0: vgaarb: setting as boot VGA device
[    0.716000] pci 0000:00:02.0: vgaarb: VGA device added: decodes=io+mem,owns=io+mem,locks=none
[    0.716017] pci 0000:00:02.0: vgaarb: bridge control possible
[    0.720011] vgaarb: loaded
[    0.724142] ACPI: bus type USB registered
[    0.728083] usbcore: registered new interface driver usbfs
[    0.732041] usbcore: registered new interface driver hub
[    0.740027] usbcore: registered new device driver usb
[    0.748433] EDAC MC: Ver: 3.0.0
[    0.756965] PCI: Using ACPI for IRQ routing
[    0.761656] NetLabel: Initializing
[    0.764012] NetLabel:  domain hash size = 128
[    0.768009] NetLabel:  protocols = UNLABELED CIPSOv4 CALIPSO
[    0.772053] NetLabel:  unlabeled traffic allowed by default
[    0.780935] clocksource: Switched to clocksource kvm-clock
[    0.810428] VFS: Disk quotas dquot_6.6.0
[    0.810428] VFS: Dquot-cache hash table entries: 512 (order 0, 4096 bytes)
[    0.810428] AppArmor: AppArmor Filesystem Enabled
[    0.810428] pnp: PnP ACPI init
[    0.810428] pnp: PnP ACPI: found 3 devices
[    1.019941] clocksource: acpi_pm: mask: 0xffffff max_cycles: 0xffffff, max_idle_ns: 2085701024 ns
[    1.020583] NET: Registered protocol family 2
[    1.020583] IP idents hash table entries: 16384 (order: 5, 131072 bytes)
[    1.057538] TCP established hash table entries: 8192 (order: 4, 65536 bytes)
[    1.070862] TCP bind hash table entries: 8192 (order: 5, 131072 bytes)
[    1.083228] TCP: Hash tables configured (established 8192 bind 8192)
[    1.086351] UDP hash table entries: 512 (order: 2, 16384 bytes)
[    1.086351] UDP-Lite hash table entries: 512 (order: 2, 16384 bytes)
[    1.086351] NET: Registered protocol family 1
[    1.086351] pci 0000:00:00.0: Limiting direct PCI/PCI transfers
[    1.086351] pci 0000:00:01.0: Activating ISA DMA hang workarounds
[    1.086351] pci 0000:00:02.0: Video device with shadowed ROM at [mem 0x000c0000-0x000dffff]
[    1.086351] Unpacking initramfs...
[    1.984255] Freeing initrd memory: 19540K
[    1.994905] clocksource: tsc: mask: 0xffffffffffffffff max_cycles: 0x23f3e9a353a, max_idle_ns: 440795330815 ns
[    2.013012] platform rtc_cmos: registered platform RTC device (no PNP device found)
[    2.027651] Scanning for low memory corruption every 60 seconds
[    2.044252] Initialise system trusted keyrings
[    2.052803] Key type blacklist registered
[    2.063100] workingset: timestamp_bits=36 max_order=18 bucket_order=0
[    2.077726] zbud: loaded
[    2.085925] squashfs: version 4.0 (2009/01/31) Phillip Lougher
[    2.101106] fuse init (API version 7.26)
[    2.136635] Key type asymmetric registered
[    2.145087] Asymmetric key parser 'x509' registered
[    2.154298] Block layer SCSI generic (bsg) driver version 0.4 loaded (major 246)
[    2.170281] io scheduler noop registered
[    2.177962] io scheduler deadline registered
[    2.185899] io scheduler cfq registered (default)
[    2.197026] ACPI: AC Adapter [AC] (on-line)
[    2.205060] input: Power Button as /devices/LNXSYSTM:00/LNXPWRBN:00/input/input0
[    2.220915] ACPI: Power Button [PWRF]
[    2.229156] input: Sleep Button as /devices/LNXSYSTM:00/LNXSLPBN:00/input/input1
[    2.246563] ACPI: Sleep Button [SLPF]
[    2.263432] ACPI: Battery Slot [BAT0] (battery present)
[    2.278453] Serial: 8250/16550 driver, 32 ports, IRQ sharing enabled
[    2.293951] 00:02: ttyS0 at I/O 0x3f8 (irq = 4, base_baud = 115200) is a 16550A
[    2.660906] Linux agpgart interface v0.103
[    2.683467] loop: module loaded
[    2.694469] scsi host0: ata_piix
[    2.703698] scsi host1: ata_piix
[    2.711408] ata1: PATA max UDMA/33 cmd 0x1f0 ctl 0x3f6 bmdma 0xd000 irq 14
[    2.725114] ata2: PATA max UDMA/33 cmd 0x170 ctl 0x376 bmdma 0xd008 irq 15
[    2.741668] tun: Universal TUN/TAP device driver, 1.6
[    2.752228] PPP generic driver version 2.4.2
[    2.762518] ehci_hcd: USB 2.0 'Enhanced' Host Controller (EHCI) Driver
[    2.774192] ehci-pci: EHCI PCI platform driver
[    2.782621] ehci-platform: EHCI generic platform driver
[    2.793271] ohci_hcd: USB 1.1 'Open' Host Controller (OHCI) Driver
[    2.805351] ohci-pci: OHCI PCI platform driver
[    2.813688] ohci-platform: OHCI generic platform driver
[    2.824117] uhci_hcd: USB Universal Host Controller Interface driver
[    2.836738] i8042: PNP: PS/2 Controller [PNP0303:PS2K,PNP0f03:PS2M] at 0x60,0x64 irq 1,12
[    2.858734] serio: i8042 KBD port at 0x60,0x64 irq 1
[    2.867709] serio: i8042 AUX port at 0x60,0x64 irq 12
[    2.879585] mousedev: PS/2 mouse device common for all mice
[    2.940593] rtc_cmos rtc_cmos: rtc core: registered rtc_cmos as rtc0
[    2.955600] rtc_cmos rtc_cmos: alarms up to one day, 114 bytes nvram
[    2.970052] i2c /dev entries driver
[    2.978642] device-mapper: uevent: version 1.0.3
[    2.990004] device-mapper: ioctl: 4.37.0-ioctl (2017-09-20) initialised: dm-devel@redhat.com
[    3.006630] input: AT Translated Set 2 keyboard as /devices/platform/i8042/serio0/input/input2
[    3.022458] ledtrig-cpu: registered to indicate activity on CPUs
[    3.041051] NET: Registered protocol family 10
[    3.068023] Segment Routing with IPv6
[    3.077229] NET: Registered protocol family 17
[    3.087677] Key type dns_resolver registered
[    3.099862] mce: Using 0 MCE banks
[    3.109437] RAS: Correctable Errors collector initialized.
[    3.121276] sched_clock: Marking stable (3121136490, 0)->(5374830403, -2253693913)
[    3.148374] registered taskstats version 1
[    3.156854] Loading compiled-in X.509 certificates
[    3.173913] Loaded X.509 cert 'Build time autogenerated kernel key: 9c4811ffd453f4b0c13447eb15d717d926dfaff5'
[    3.195884] Loaded X.509 cert 'Canonical Ltd. Live Patch Signing: 14df34d1a87cf37625abec039ef2bf521249b969'
[    3.215568] Loaded X.509 cert 'Canonical Ltd. Kernel Module Signing: 88f752e560a1e0737e31163a466ad7b70a850c19'
[    3.235632] blacklist: Loading compiled-in revocation X.509 certificates
[    3.249745] Loaded X.509 cert 'Canonical Ltd. Secure Boot Signing: 61482aa2830d0ab2ad5af10b7250da9033ddcef0'
[    3.269436] zswap: loaded using pool lzo/zbud
[    3.298333] Key type big_key registered
[    3.306240] Key type trusted registered
[    3.321754] Key type encrypted registered
[    3.330449] AppArmor: AppArmor sha1 policy hashing enabled
[    3.343040] ima: No TPM chip found, activating TPM-bypass! (rc=-19)
[    3.357013] ima: Allocated hash algorithm: sha1
[    3.366522] evm: HMAC attrs: 0x1
[    3.375750]   Magic number: 14:251:846
[    3.385494] rtc_cmos rtc_cmos: setting system clock to 2022-07-22 17:49:24 UTC (1658512164)
[    3.406069] BIOS EDD facility v0.16 2004-Jun-25, 0 devices found
[    3.419602] EDD information not available.
[    3.433182] Freeing unused kernel image memory: 2468K
[    3.471025] Write protecting the kernel read-only data: 20480k
[    3.485672] Freeing unused kernel image memory: 2008K
[    3.496985] Freeing unused kernel image memory: 1820K
[    3.516302] x86/mm: Checked W+X mappings: passed, no W+X pages found.
[    3.530489] x86/mm: Checking user space page tables
[    3.548344] x86/mm: Checked W+X mappings: passed, no W+X pages found.
Loading, please wait...
starting version 237
[    3.760682] e1000: Intel(R) PRO/1000 Network Driver - version 7.3.21-k8-NAPI
[    3.780510] e1000: Copyright (c) 1999-2006 Intel Corporation.
[    3.801524] Fusion MPT base driver 3.04.20
[    3.811727] Copyright (c) 1999-2008 LSI Corporation
[    3.860829] Fusion MPT SPI Host driver 3.04.20
[    4.148284] input: ImExPS/2 Generic Explorer Mouse as /devices/platform/i8042/serio1/input/input4
[    5.051794] e1000 0000:00:03.0 eth0: (PCI:33MHz:32-bit) 02:70:df:2f:2a:c8
[    5.064726] e1000 0000:00:03.0 eth0: Intel(R) PRO/1000 Network Connection
[    5.083384] mptbase: ioc0: Initiating bringup
[    5.085530] e1000 0000:00:03.0 enp0s3: renamed from eth0
[    5.225384] ioc0: LSI53C1030 A0: Capabilities={Initiator}
[    5.542760] scsi host2: ioc0: LSI53C1030 A0, FwRev=00000000h, Ports=1, MaxQ=256, IRQ=20
[    5.737143] scsi 2:0:0:0: Direct-Access     VBOX     HARDDISK         1.0  PQ: 0 ANSI: 5
[    5.796491] scsi target2:0:0: Beginning Domain Validation
[    5.825356] scsi target2:0:0: Domain Validation skipping write tests
[    5.840373] scsi target2:0:0: Ending Domain Validation
[    5.853285] scsi target2:0:0: asynchronous
[    5.865439] random: fast init done
[    5.875392] scsi 2:0:1:0: Direct-Access     VBOX     HARDDISK         1.0  PQ: 0 ANSI: 5
[    5.920461] scsi target2:0:1: Beginning Domain Validation
[    5.953575] scsi target2:0:1: Domain Validation skipping write tests
[    5.968706] scsi target2:0:1: Ending Domain Validation
[    5.981821] scsi target2:0:1: asynchronous
[    6.031133] random: systemd-udevd: uninitialized urandom read (16 bytes read)
[    6.049705] random: systemd-udevd: uninitialized urandom read (16 bytes read)
[    6.067276] sd 2:0:0:0: Attached scsi generic sg0 type 0
[    6.081792] random: systemd-udevd: uninitialized urandom read (16 bytes read)
[    6.099284] sd 2:0:1:0: Attached scsi generic sg1 type 0
[    6.113445] sd 2:0:0:0: [sda] 83886080 512-byte logical blocks: (42.9 GB/40.0 GiB)
[    6.118577] sd 2:0:1:0: [sdb] 20480 512-byte logical blocks: (10.5 MB/10.0 MiB)
[    6.150920] sd 2:0:0:0: [sda] Write Protect is off
[    6.151081] sd 2:0:1:0: [sdb] Write Protect is off
[    6.173802] sd 2:0:1:0: [sdb] Incomplete mode parameter data
[    6.174165] sd 2:0:0:0: [sda] Incomplete mode parameter data
[    6.184258] sd 2:0:1:0: [sdb] Assuming drive cache: write through
[    6.197025] sd 2:0:0:0: [sda] Assuming drive cache: write through
[    6.279786]  sda: sda1
[    6.294149] sd 2:0:0:0: [sda] Attached SCSI disk
[    6.363840] sd 2:0:1:0: [sdb] Attached SCSI disk
Begin: Loading essential drivers ... 